<?xml version="1.0" encoding="utf-8"?>
<TEI xmlns="http://www.tei-c.org/ns/1.0">
  <teiHeader type="text">
    <fileDesc>
      <titleStmt>
        <title type="main">Tree test</title>
        <author>Giles Bergel</author>
      </titleStmt>
      <publicationStmt>
        <p>Stylesheets test file</p>
      </publicationStmt>
      <sourceDesc>
        <p>Transcribed by GB.</p>
      </sourceDesc>
    </fileDesc>
  </teiHeader>
  <text>
    <body>
      <p>Oh!  But he was a tight-fisted hand at the grindstone, Scrooge!  a
squeezing, wrenching, grasping, scraping, clutching, covetous old
sinner!  Hard and sharp as flint, from which no steel had ever struck
out generous fire; secret, and self-contained, and solitary as an
oyster.  The cold within him froze his old features, nipped his pointed
nose, shrivelled his cheek, stiffened his gait; made his eyes red, his
<forest>
<eTree><label>Lionel</label><eTree><label xml:id="wendy">Wendy</label></eTree></eTree>
<eTree><label>Frederick</label><eTree><label sync="#wendy">Philip</label><eTree><label>Sebastian</label><eLeaf><label>Matilde</label></eLeaf><eLeaf><label>InÃªs</label></eLeaf></eTree><eLeaf><label>David</label></eLeaf><eLeaf><label>Diana</label></eLeaf><eLeaf><label>Nicholas</label></eLeaf><eLeaf><label>Gentian</label></eLeaf></eTree></eTree>
</forest></p>
    </body>
  </text>
</TEI>
