<stuff>
  <bit><bob/></bit>
  <bob/>
</stuff>
